2018-10-11 00:40:06,942 INFO  [Log] **************************************************************************************** 
2018-10-11 00:40:06,942 INFO  [Log] **************************************************************************************** 
2018-10-11 00:40:06,942 INFO  [Log] $$$$$$$$$$$$$$$$$$$$$                 Navigate_01       $$$$$$$$$$$$$$$$$$$$$$$$$ 
2018-10-11 00:40:06,942 INFO  [Log] **************************************************************************************** 
2018-10-11 00:40:06,942 INFO  [Log] **************************************************************************************** 
2018-10-11 00:40:06,942 INFO  [Log] Navigating to URL 
2018-10-11 00:40:15,563 INFO  [Log] Wait for 5 seconds 
2018-10-11 00:40:20,744 INFO  [Log] XXXXXXXXXXXXXXXXXXXXXXX             -E---N---D-             XXXXXXXXXXXXXXXXXXXXXX 
2018-10-11 00:40:20,744 INFO  [Log] X 
2018-10-11 00:40:20,744 INFO  [Log] X 
2018-10-11 00:40:20,744 INFO  [Log] X 
2018-10-11 00:40:20,744 INFO  [Log] X 
2018-10-11 00:40:20,744 INFO  [Log] **************************************************************************************** 
2018-10-11 00:40:20,744 INFO  [Log] **************************************************************************************** 
2018-10-11 00:40:20,744 INFO  [Log] $$$$$$$$$$$$$$$$$$$$$                 Login_01       $$$$$$$$$$$$$$$$$$$$$$$$$ 
2018-10-11 00:40:20,745 INFO  [Log] **************************************************************************************** 
2018-10-11 00:40:20,745 INFO  [Log] **************************************************************************************** 
2018-10-11 00:40:20,745 INFO  [Log] Entering the text in txtbx_UserName 
2018-10-11 00:40:21,429 INFO  [Log] Entering the text in txtbx_Password 
2018-10-11 00:40:21,724 INFO  [Log] Clicking on Webelement btn_LogIn 
2018-10-11 00:40:25,107 INFO  [Log] XXXXXXXXXXXXXXXXXXXXXXX             -E---N---D-             XXXXXXXXXXXXXXXXXXXXXX 
2018-10-11 00:40:25,107 INFO  [Log] X 
2018-10-11 00:40:25,107 INFO  [Log] X 
2018-10-11 00:40:25,107 INFO  [Log] X 
2018-10-11 00:40:25,107 INFO  [Log] X 
2018-10-11 00:40:25,107 INFO  [Log] **************************************************************************************** 
2018-10-11 00:40:25,107 INFO  [Log] **************************************************************************************** 
2018-10-11 00:40:25,107 INFO  [Log] $$$$$$$$$$$$$$$$$$$$$                 Contacts_01       $$$$$$$$$$$$$$$$$$$$$$$$$ 
2018-10-11 00:40:25,107 INFO  [Log] **************************************************************************************** 
2018-10-11 00:40:25,107 INFO  [Log] **************************************************************************************** 
2018-10-11 00:40:25,107 INFO  [Log] Wait for 5 seconds 
2018-10-11 00:40:30,151 INFO  [Log] Moved over to 'lnk_contact' 
2018-10-11 00:40:30,417 INFO  [Log] Clicking on Webelement lnk_newContact 
2018-10-11 00:40:32,329 INFO  [Log] Entering the text in txtbx_FirstName 
2018-10-11 00:40:32,390 INFO  [Log] Entering the text in txtbx_LastName 
2018-10-11 00:40:32,480 INFO  [Log] Clicking on Webelement btn_Save 
2018-10-11 00:40:33,680 INFO  [Log] XXXXXXXXXXXXXXXXXXXXXXX             -E---N---D-             XXXXXXXXXXXXXXXXXXXXXX 
2018-10-11 00:40:33,680 INFO  [Log] X 
2018-10-11 00:40:33,680 INFO  [Log] X 
2018-10-11 00:40:33,680 INFO  [Log] X 
2018-10-11 00:40:33,680 INFO  [Log] X 
2018-10-11 00:40:33,680 ERROR [Log] Class Utils | Method getCellData | Exception desc : null 
2018-10-11 00:40:33,681 INFO  [Log] **************************************************************************************** 
2018-10-11 00:40:33,681 INFO  [Log] **************************************************************************************** 
2018-10-11 00:40:33,681 INFO  [Log] $$$$$$$$$$$$$$$$$$$$$                 Search Contacts_01       $$$$$$$$$$$$$$$$$$$$$$$$$ 
2018-10-11 00:40:33,681 INFO  [Log] **************************************************************************************** 
2018-10-11 00:40:33,681 INFO  [Log] **************************************************************************************** 
2018-10-11 00:40:33,681 INFO  [Log] Clicking on Webelement lnk_contact 
2018-10-11 00:40:34,490 INFO  [Log] Entering the text in txtbx_Name 
2018-10-11 00:40:34,548 INFO  [Log] Clicking on Webelement btn_Search 
2018-10-11 00:40:35,273 INFO  [Log] Searching for contact details in table 'tbl_ContactSearch' 
2018-10-11 00:40:35,334 INFO  [Log] Clicking on Webelement lnk_LogOut 
2018-10-11 00:40:35,841 INFO  [Log] Closing the browser-- Mozilla 
2018-10-11 00:40:38,469 INFO  [Log] XXXXXXXXXXXXXXXXXXXXXXX             -E---N---D-             XXXXXXXXXXXXXXXXXXXXXX 
2018-10-11 00:40:38,469 INFO  [Log] X 
2018-10-11 00:40:38,469 INFO  [Log] X 
2018-10-11 00:40:38,469 INFO  [Log] X 
2018-10-11 00:40:38,469 INFO  [Log] X 
2018-10-11 00:40:38,469 ERROR [Log] Class Utils | Method getCellData | Exception desc : null 
2018-10-11 00:40:38,470 ERROR [Log] Class Utils | Method getCellData | Exception desc : null 
