2018-09-01 09:12:06,545 INFO  [Log] **************************************************************************************** 
2018-09-01 09:12:06,545 INFO  [Log] **************************************************************************************** 
2018-09-01 09:12:06,545 INFO  [Log] $$$$$$$$$$$$$$$$$$$$$                 Selenium_Test_001       $$$$$$$$$$$$$$$$$$$$$$$$$ 
2018-09-01 09:12:06,545 INFO  [Log] **************************************************************************************** 
2018-09-01 09:12:06,545 INFO  [Log] **************************************************************************************** 
2018-09-01 09:12:07,103 INFO  [Log]  Excel sheet opened 
2018-09-01 09:12:13,288 INFO  [Log] New driver instantiated 
2018-09-01 09:12:26,303 INFO  [Log] Web application launched 
2018-09-01 09:12:31,334 INFO  [Log] Username picked from Excel is selframework 
2018-09-01 09:12:31,334 INFO  [Log] Password picked from Excel is klsrcm 
2018-09-01 09:12:31,368 INFO  [Log] Username text box found 
2018-09-01 09:12:31,488 INFO  [Log] Username entered in the Username text box 
2018-09-01 09:12:31,501 INFO  [Log] Password text box found 
2018-09-01 09:12:31,547 INFO  [Log] Password entered in the Password text box 
2018-09-01 09:12:36,584 INFO  [Log] Login button found 
2018-09-01 09:12:46,246 INFO  [Log] Click action performed on Login button 
2018-09-01 09:12:49,309 INFO  [Log] Contact link element found 
2018-09-01 09:12:49,463 INFO  [Log] Move Over action is performed on contact link 
2018-09-01 09:12:49,487 INFO  [Log] New Contact link element found 
2018-09-01 09:12:51,798 INFO  [Log] Click action is performed on new contact link 
2018-09-01 09:12:51,810 INFO  [Log] Logout link element found 
2018-09-01 09:12:52,554 INFO  [Log] Click action is performed on Log Out link 
